
> haber-nexus@0.1.0 build
> next build

Attention: Next.js now collects completely anonymous telemetry regarding usage.
This information is used to shape Next.js' roadmap and prioritize features.
You can learn more, including how to opt-out if you'd not like to participate in this anonymous program, by visiting the following URL:
https://nextjs.org/telemetry

   ▲ Next.js 16.0.2 (Turbopack)

   Creating an optimized production build ...
 ✓ Compiled successfully in 3.5s
   Running TypeScript ...
Failed to compile.

./app/dashboard/page.tsx:205:28
Type error: Parameter 'post' implicitly has an 'any' type.

[0m [90m 203 |[39m         [33m<[39m[33mdiv[39m className[33m=[39m[32m"divide-y divide-border/50"[39m[33m>[39m
 [90m 204 |[39m           {userPosts[33m.[39mlength [33m>[39m [35m0[39m [33m?[39m (
[31m[1m>[22m[39m[90m 205 |[39m             userPosts[33m.[39mmap((post[33m,[39m index) [33m=>[39m (
 [90m     |[39m                            [31m[1m^[22m[39m
 [90m 206 |[39m               [33m<[39m[33mdiv[39m 
 [90m 207 |[39m                 key[33m=[39m{post[33m.[39mid} 
 [90m 208 |[39m                 className[33m=[39m[32m"px-6 py-4 hover:bg-accent/30 transition-colors duration-200 animate-in fade-in slide-in-from-bottom"[39m[0m
Next.js build worker exited with code: 1 and signal: null
