
> haber-nexus@0.1.0 build /home/ubuntu/haber-nexus
> prisma generate && next build

Environment variables loaded from .env
Prisma schema loaded from prisma/schema.prisma

✔ Generated Prisma Client (v6.19.0) to ./node_modules/.pnpm/@prisma+client@6.19.0_prisma@6.19.0_typescript@5.9.3__typescript@5.9.3/node_modules/@prisma/client in 239ms

Start by importing your Prisma Client (See: https://pris.ly/d/importing-client)

Tip: Want to turn off tips and other hints? https://pris.ly/tip-4-nohints

Attention: Next.js now collects completely anonymous telemetry regarding usage.
This information is used to shape Next.js' roadmap and prioritize features.
You can learn more, including how to opt-out if you'd not like to participate in this anonymous program, by visiting the following URL:
https://nextjs.org/telemetry

   ▲ Next.js 16.0.3 (Turbopack)
   - Environments: .env

 ⚠ The "middleware" file convention is deprecated. Please use "proxy" instead. Learn more: https://nextjs.org/docs/messages/middleware-to-proxy
   Creating an optimized production build ...
 ✓ Compiled successfully in 5.7s
   Running TypeScript ...
   Collecting page data using 5 workers ...
   Generating static pages using 5 workers (0/25) ...
   Generating static pages using 5 workers (6/25) 
   Generating static pages using 5 workers (12/25) 
   Generating static pages using 5 workers (18/25) 
 ✓ Generating static pages using 5 workers (25/25) in 2.9s
   Finalizing page optimization ...

Route (app)
┌ ƒ /
├ ƒ /_not-found
├ ƒ /about
├ ƒ /admin
├ ƒ /admin/articles
├ ƒ /admin/articles/[id]/edit
├ ƒ /admin/articles/new
├ ƒ /admin/categories
├ ƒ /admin/categories/[id]/edit
├ ƒ /admin/categories/new
├ ƒ /admin/content-creator
├ ƒ /admin/drafts
├ ƒ /admin/rss-feeds
├ ƒ /admin/rss-feeds/new
├ ƒ /admin/users
├ ƒ /admin/users/[id]/edit
├ ƒ /api/ai/advanced
├ ƒ /api/ai/analytics
├ ƒ /api/ai/test
├ ƒ /api/articles
├ ƒ /api/articles/[id]
├ ƒ /api/auth/[...nextauth]
├ ƒ /api/auth/change-password
├ ƒ /api/auth/register
├ ƒ /api/author/articles
├ ƒ /api/bookmarks
├ ƒ /api/categories
├ ƒ /api/categories/[id]
├ ƒ /api/comments
├ ƒ /api/content/generate
├ ƒ /api/drafts
├ ƒ /api/drafts/[id]
├ ƒ /api/drafts/[id]/publish
├ ƒ /api/editor/comments
├ ƒ /api/editor/comments/[id]/moderate
├ ƒ /api/editor/pending
├ ƒ /api/follows
├ ƒ /api/likes
├ ƒ /api/notifications
├ ƒ /api/notifications/[id]/read
├ ƒ /api/rss-feeds
├ ƒ /api/rss-feeds/[id]
├ ƒ /api/rss-feeds/[id]/scan
├ ƒ /api/rss-feeds/scan-all
├ ƒ /api/search
├ ƒ /api/users
├ ƒ /api/users/[id]
├ ƒ /api/users/[id]/analytics
├ ƒ /api/users/[id]/bookmarked-articles
├ ƒ /api/users/[id]/comments
├ ƒ /api/users/[id]/followed-authors
├ ƒ /api/users/[id]/liked-articles
├ ƒ /api/users/[id]/notify-role-change
├ ƒ /api/users/[id]/reading-history
├ ƒ /api/users/[id]/settings
├ ƒ /api/users/[id]/stats
├ ƒ /articles/[slug]
├ ƒ /auth/signin
├ ƒ /auth/signup
├ ƒ /author
├ ƒ /author/analytics
├ ƒ /author/articles
├ ƒ /categories/[slug]
├ ƒ /contact
├ ƒ /editor
├ ƒ /editor/moderation
├ ƒ /editor/review
├ ƒ /privacy
├ ƒ /profile
├ ○ /robots.txt
├ ƒ /search
├ ○ /sitemap.xml
└ ƒ /terms


ƒ Proxy (Middleware)

○  (Static)   prerendered as static content
ƒ  (Dynamic)  server-rendered on demand

