Lockfile is up to date, resolution step is skipped
Progress: resolved 1, reused 0, downloaded 0, added 0
Packages: +671
++++++++++++++++++++++++++++++++++++++++++++++++++++++++++++++++++++++++++++++++
Progress: resolved 671, reused 277, downloaded 60, added 337
Progress: resolved 671, reused 277, downloaded 87, added 364
Progress: resolved 671, reused 277, downloaded 119, added 396
Progress: resolved 671, reused 277, downloaded 231, added 505
Progress: resolved 671, reused 277, downloaded 386, added 663
Progress: resolved 671, reused 277, downloaded 394, added 670
Progress: resolved 671, reused 277, downloaded 394, added 671, done

dependencies:
+ @auth/prisma-adapter 2.11.1
+ @google/generative-ai 0.24.1
+ @hookform/resolvers 5.2.2
+ @prisma/client 6.19.0
+ @radix-ui/react-dropdown-menu 2.1.16
+ @radix-ui/react-separator 1.1.8
+ @radix-ui/react-slot 1.2.4
+ @tiptap/extension-code-block-lowlight 3.10.7
+ @tiptap/extension-image 3.10.7
+ @tiptap/extension-link 3.10.7
+ @tiptap/extension-placeholder 3.10.7
+ @tiptap/extension-table 3.10.7
+ @tiptap/extension-table-cell 3.10.7
+ @tiptap/extension-table-header 3.10.7
+ @tiptap/extension-table-row 3.10.7
+ @tiptap/react 3.10.7
+ @tiptap/starter-kit 3.10.7
+ @types/bcrypt 6.0.0
+ bcrypt 6.0.0
+ bcryptjs 3.0.3
+ class-variance-authority 0.7.1
+ clsx 2.1.1
+ easymde 2.20.0
+ lowlight 3.3.0
+ lucide-react 0.553.0
+ marked 17.0.0
+ next 16.0.3
+ next-auth 4.24.13
+ next-themes 0.4.6
+ prisma 6.19.0
+ react 19.2.0
+ react-dom 19.2.0
+ react-hook-form 7.66.0
+ react-markdown 10.1.0
+ react-simplemde-editor 5.2.0
+ rehype-raw 7.0.0
+ rehype-sanitize 6.0.0
+ remark-gfm 4.0.1
+ rss-parser 3.13.0
+ tailwind-merge 3.4.0
+ turndown 7.2.2
+ zod 4.1.12

devDependencies:
+ @tailwindcss/postcss 4.1.17
+ @types/bcryptjs 3.0.0
+ @types/node 20.19.25
+ @types/react 19.2.4
+ @types/react-dom 19.2.3
+ @types/turndown 5.0.6
+ eslint 9.39.1
+ eslint-config-next 16.0.3
+ tailwindcss 4.1.17
+ tsx 4.20.6
+ tw-animate-css 1.4.0
+ typescript 5.9.3

╭ Warning ─────────────────────────────────────────────────────────────────────╮
│                                                                              │
│   Ignored build scripts: @prisma/client, @prisma/engines, bcrypt, esbuild,   │
│   prisma, sharp, unrs-resolver.                                              │
│   Run "pnpm approve-builds" to pick which dependencies should be allowed     │
│   to run scripts.                                                            │
│                                                                              │
╰──────────────────────────────────────────────────────────────────────────────╯


> haber-nexus@0.1.0 postinstall /home/ubuntu/haber-nexus
> prisma generate

Environment variables loaded from .env
Prisma schema loaded from prisma/schema.prisma

✔ Generated Prisma Client (v6.19.0) to ./node_modules/.pnpm/@prisma+client@6.19.0_prisma@6.19.0_typescript@5.9.3__typescript@5.9.3/node_modules/@prisma/client in 238ms

Start by importing your Prisma Client (See: https://pris.ly/d/importing-client)

Tip: Want to turn off tips and other hints? https://pris.ly/tip-4-nohints

Done in 9.6s using pnpm v10.22.0
